  [1m[35m (549.9ms)[0m  [1m[35mCREATE DATABASE "RedditWLuke_development" ENCODING = 'unicode'[0m
  ↳ bin/rails:9
  [1m[35m (273.9ms)[0m  [1m[35mCREATE DATABASE "RedditWLuke_test" ENCODING = 'unicode'[0m
  ↳ bin/rails:9
  [1m[35m (327.9ms)[0m  [1m[35mCREATE TABLE "schema_migrations" ("version" character varying NOT NULL PRIMARY KEY)[0m
  ↳ bin/rails:9
  [1m[35m (18.3ms)[0m  [1m[35mCREATE TABLE "ar_internal_metadata" ("key" character varying NOT NULL PRIMARY KEY, "value" character varying, "created_at" timestamp NOT NULL, "updated_at" timestamp NOT NULL)[0m
  ↳ bin/rails:9
  [1m[35m (23.7ms)[0m  [1m[34mSELECT pg_try_advisory_lock(771567162199300005)[0m
  ↳ bin/rails:9
  [1m[35m (2.7ms)[0m  [1m[34mSELECT "schema_migrations"."version" FROM "schema_migrations" ORDER BY "schema_migrations"."version" ASC[0m
  ↳ bin/rails:9
Migrating to CreatePosts (20180918181904)
  [1m[35m (0.6ms)[0m  [1m[35mBEGIN[0m
  ↳ bin/rails:9
  [1m[35m (116.3ms)[0m  [1m[35mCREATE TABLE "posts" ("id" bigserial primary key, "title" character varying NOT NULL, "url" character varying, "content" text, "sub_id" integer NOT NULL, "user_id" integer NOT NULL, "points" integer, "created_at" timestamp NOT NULL, "updated_at" timestamp NOT NULL)[0m
  ↳ db/migrate/20180918181904_create_posts.rb:3
  [1m[35m (7.6ms)[0m  [1m[35mCREATE  INDEX  "index_posts_on_sub_id_and_user_id" ON "posts"  ("sub_id", "user_id")[0m
  ↳ db/migrate/20180918181904_create_posts.rb:13
  [1m[36mActiveRecord::SchemaMigration Create (12.6ms)[0m  [1m[32mINSERT INTO "schema_migrations" ("version") VALUES ($1) RETURNING "version"[0m  [["version", "20180918181904"]]
  ↳ bin/rails:9
  [1m[35m (0.8ms)[0m  [1m[35mCOMMIT[0m
  ↳ bin/rails:9
Migrating to CreateSubreddits (20180918182221)
  [1m[35m (0.3ms)[0m  [1m[35mBEGIN[0m
  ↳ bin/rails:9
  [1m[35m (5.2ms)[0m  [1m[35mCREATE TABLE "subreddits" ("id" bigserial primary key, "title" character varying, "description" character varying, "user_id" integer, "created_at" timestamp NOT NULL, "updated_at" timestamp NOT NULL)[0m
  ↳ db/migrate/20180918182221_create_subreddits.rb:3
  [1m[35m (1.6ms)[0m  [1m[35mCREATE  INDEX  "index_subreddits_on_user_id" ON "subreddits"  ("user_id")[0m
  ↳ db/migrate/20180918182221_create_subreddits.rb:10
  [1m[36mActiveRecord::SchemaMigration Create (0.8ms)[0m  [1m[32mINSERT INTO "schema_migrations" ("version") VALUES ($1) RETURNING "version"[0m  [["version", "20180918182221"]]
  ↳ bin/rails:9
  [1m[35m (1.0ms)[0m  [1m[35mCOMMIT[0m
  ↳ bin/rails:9
Migrating to CreateSubscriptions (20180918182314)
  [1m[35m (0.6ms)[0m  [1m[35mBEGIN[0m
  ↳ bin/rails:9
  [1m[35m (31.1ms)[0m  [1m[35mCREATE TABLE "subscriptions" ("id" bigserial primary key, "user_id" integer, "subreddit_id" integer, "created_at" timestamp NOT NULL, "updated_at" timestamp NOT NULL)[0m
  ↳ db/migrate/20180918182314_create_subscriptions.rb:3
  [1m[35m (2.6ms)[0m  [1m[35mCREATE  INDEX  "index_subscriptions_on_user_id_and_subreddit_id" ON "subscriptions"  ("user_id", "subreddit_id")[0m
  ↳ db/migrate/20180918182314_create_subscriptions.rb:9
  [1m[36mActiveRecord::SchemaMigration Create (0.6ms)[0m  [1m[32mINSERT INTO "schema_migrations" ("version") VALUES ($1) RETURNING "version"[0m  [["version", "20180918182314"]]
  ↳ bin/rails:9
  [1m[35m (0.7ms)[0m  [1m[35mCOMMIT[0m
  ↳ bin/rails:9
Migrating to CreateUsers (20180918182424)
  [1m[35m (0.4ms)[0m  [1m[35mBEGIN[0m
  ↳ bin/rails:9
  [1m[35m (27.6ms)[0m  [1m[35mCREATE TABLE "users" ("id" bigserial primary key, "username" character varying, "session_token" character varying, "password_digest" character varying, "created_at" timestamp NOT NULL, "updated_at" timestamp NOT NULL)[0m
  ↳ db/migrate/20180918182424_create_users.rb:3
  [1m[36mActiveRecord::SchemaMigration Create (3.1ms)[0m  [1m[32mINSERT INTO "schema_migrations" ("version") VALUES ($1) RETURNING "version"[0m  [["version", "20180918182424"]]
  ↳ bin/rails:9
  [1m[35m (6.7ms)[0m  [1m[35mCOMMIT[0m
  ↳ bin/rails:9
Migrating to CreateComments (20180918182506)
  [1m[35m (1.6ms)[0m  [1m[35mBEGIN[0m
  ↳ bin/rails:9
  [1m[35m (15.7ms)[0m  [1m[35mCREATE TABLE "comments" ("id" bigserial primary key, "parent_comment_id" integer, "post_id" integer, "user_id" integer, "points" integer, "created_at" timestamp NOT NULL, "updated_at" timestamp NOT NULL)[0m
  ↳ db/migrate/20180918182506_create_comments.rb:3
  [1m[35m (7.1ms)[0m  [1m[35mCREATE  INDEX  "index_comments_on_post_id_and_user_id" ON "comments"  ("post_id", "user_id")[0m
  ↳ db/migrate/20180918182506_create_comments.rb:11
  [1m[36mActiveRecord::SchemaMigration Create (0.8ms)[0m  [1m[32mINSERT INTO "schema_migrations" ("version") VALUES ($1) RETURNING "version"[0m  [["version", "20180918182506"]]
  ↳ bin/rails:9
  [1m[35m (0.7ms)[0m  [1m[35mCOMMIT[0m
  ↳ bin/rails:9
  [1m[36mActiveRecord::InternalMetadata Load (21.2ms)[0m  [1m[34mSELECT  "ar_internal_metadata".* FROM "ar_internal_metadata" WHERE "ar_internal_metadata"."key" = $1 LIMIT $2[0m  [["key", "environment"], ["LIMIT", 1]]
  ↳ bin/rails:9
  [1m[35m (0.3ms)[0m  [1m[35mBEGIN[0m
  ↳ bin/rails:9
  [1m[36mActiveRecord::InternalMetadata Create (1.6ms)[0m  [1m[32mINSERT INTO "ar_internal_metadata" ("key", "value", "created_at", "updated_at") VALUES ($1, $2, $3, $4) RETURNING "key"[0m  [["key", "environment"], ["value", "development"], ["created_at", "2018-09-18 18:29:14.135306"], ["updated_at", "2018-09-18 18:29:14.135306"]]
  ↳ bin/rails:9
  [1m[35m (0.5ms)[0m  [1m[35mCOMMIT[0m
  ↳ bin/rails:9
  [1m[35m (0.4ms)[0m  [1m[34mSELECT pg_advisory_unlock(771567162199300005)[0m
  ↳ bin/rails:9
  [1m[35m (26.1ms)[0m  [1m[34mSELECT "schema_migrations"."version" FROM "schema_migrations" ORDER BY "schema_migrations"."version" ASC[0m
  ↳ bin/rails:9
  [1m[35m (1.5ms)[0m  [1m[34mSELECT "schema_migrations"."version" FROM "schema_migrations" ORDER BY "schema_migrations"."version" ASC[0m
  ↳ /usr/local/var/rbenv/versions/2.5.0/bin/annotate:23
  [1m[35m (30.6ms)[0m  [1m[35mCREATE DATABASE "RedditWLuke_development" ENCODING = 'unicode'[0m
  ↳ bin/rails:9
  [1m[35m (1.6ms)[0m  [1m[35mCREATE DATABASE "RedditWLuke_test" ENCODING = 'unicode'[0m
  ↳ bin/rails:9
  [1m[35m (1.1ms)[0m  [1m[34mSELECT "schema_migrations"."version" FROM "schema_migrations" ORDER BY "schema_migrations"."version" ASC[0m
  ↳ bin/rails:9
  [1m[35m (11.9ms)[0m  [1m[34mSELECT "ar_internal_metadata"."value" FROM "ar_internal_metadata" WHERE "ar_internal_metadata"."key" = $1[0m  [["key", "environment"]]
  ↳ bin/rails:9
  [1m[35m (0.4ms)[0m  [1m[34mSELECT "schema_migrations"."version" FROM "schema_migrations" ORDER BY "schema_migrations"."version" ASC[0m
  ↳ bin/rails:9
  [1m[35m (0.4ms)[0m  [1m[34mSELECT "ar_internal_metadata"."value" FROM "ar_internal_metadata" WHERE "ar_internal_metadata"."key" = $1[0m  [["key", "environment"]]
  ↳ bin/rails:9
  [1m[35m (0.3ms)[0m  [1m[34mSELECT "schema_migrations"."version" FROM "schema_migrations" ORDER BY "schema_migrations"."version" ASC[0m
  ↳ bin/rails:9
  [1m[35m (0.3ms)[0m  [1m[34mSELECT "ar_internal_metadata"."value" FROM "ar_internal_metadata" WHERE "ar_internal_metadata"."key" = $1[0m  [["key", "environment"]]
  ↳ bin/rails:9
  [1m[35mSQL (42.8ms)[0m  [1m[35mCREATE EXTENSION IF NOT EXISTS "plpgsql"[0m
  ↳ db/schema.rb:16
  [1m[35m (157.4ms)[0m  [1m[35mDROP TABLE IF EXISTS "comments" CASCADE[0m
  ↳ db/schema.rb:18
  [1m[35m (7.2ms)[0m  [1m[35mCREATE TABLE "comments" ("id" bigserial primary key, "parent_comment_id" integer, "post_id" integer, "user_id" integer, "points" integer, "created_at" timestamp NOT NULL, "updated_at" timestamp NOT NULL)[0m
  ↳ db/schema.rb:18
  [1m[35m (1.7ms)[0m  [1m[35mCREATE  INDEX  "index_comments_on_post_id_and_user_id" ON "comments"  ("post_id", "user_id")[0m
  ↳ db/schema.rb:18
  [1m[35m (3.8ms)[0m  [1m[35mDROP TABLE IF EXISTS "posts" CASCADE[0m
  ↳ db/schema.rb:28
  [1m[35m (7.7ms)[0m  [1m[35mCREATE TABLE "posts" ("id" bigserial primary key, "title" character varying NOT NULL, "url" character varying, "content" text, "sub_id" integer NOT NULL, "user_id" integer NOT NULL, "points" integer, "created_at" timestamp NOT NULL, "updated_at" timestamp NOT NULL)[0m
  ↳ db/schema.rb:28
  [1m[35m (1.7ms)[0m  [1m[35mCREATE  INDEX  "index_posts_on_sub_id_and_user_id" ON "posts"  ("sub_id", "user_id")[0m
  ↳ db/schema.rb:28
  [1m[35m (4.4ms)[0m  [1m[35mDROP TABLE IF EXISTS "subreddits" CASCADE[0m
  ↳ db/schema.rb:40
  [1m[35m (5.2ms)[0m  [1m[35mCREATE TABLE "subreddits" ("id" bigserial primary key, "title" character varying, "description" character varying, "user_id" integer, "created_at" timestamp NOT NULL, "updated_at" timestamp NOT NULL)[0m
  ↳ db/schema.rb:40
  [1m[35m (3.4ms)[0m  [1m[35mCREATE  INDEX  "index_subreddits_on_user_id" ON "subreddits"  ("user_id")[0m
  ↳ db/schema.rb:40
  [1m[35m (3.6ms)[0m  [1m[35mDROP TABLE IF EXISTS "subscriptions" CASCADE[0m
  ↳ db/schema.rb:49
  [1m[35m (6.3ms)[0m  [1m[35mCREATE TABLE "subscriptions" ("id" bigserial primary key, "user_id" integer, "subreddit_id" integer, "created_at" timestamp NOT NULL, "updated_at" timestamp NOT NULL)[0m
  ↳ db/schema.rb:49
  [1m[35m (2.3ms)[0m  [1m[35mCREATE  INDEX  "index_subscriptions_on_user_id_and_subreddit_id" ON "subscriptions"  ("user_id", "subreddit_id")[0m
  ↳ db/schema.rb:49
  [1m[35m (4.7ms)[0m  [1m[35mDROP TABLE IF EXISTS "users" CASCADE[0m
  ↳ db/schema.rb:57
  [1m[35m (9.4ms)[0m  [1m[35mCREATE TABLE "users" ("id" bigserial primary key, "username" character varying, "session_token" character varying, "password_digest" character varying, "created_at" timestamp NOT NULL, "updated_at" timestamp NOT NULL)[0m
  ↳ db/schema.rb:57
  [1m[35m (2.2ms)[0m  [1m[34mSELECT "schema_migrations"."version" FROM "schema_migrations" ORDER BY "schema_migrations"."version" ASC[0m
  ↳ db/schema.rb:13
  [1m[36mActiveRecord::InternalMetadata Load (23.9ms)[0m  [1m[34mSELECT  "ar_internal_metadata".* FROM "ar_internal_metadata" WHERE "ar_internal_metadata"."key" = $1 LIMIT $2[0m  [["key", "environment"], ["LIMIT", 1]]
  ↳ db/schema.rb:13
  [1m[35m (0.3ms)[0m  [1m[35mBEGIN[0m
  ↳ db/schema.rb:13
  [1m[35m (0.5ms)[0m  [1m[35mCOMMIT[0m
  ↳ db/schema.rb:13
  [1m[36mActiveRecord::InternalMetadata Load (0.8ms)[0m  [1m[34mSELECT  "ar_internal_metadata".* FROM "ar_internal_metadata" WHERE "ar_internal_metadata"."key" = $1 LIMIT $2[0m  [["key", "environment"], ["LIMIT", 1]]
  ↳ bin/rails:9
  [1m[35m (0.2ms)[0m  [1m[35mBEGIN[0m
  ↳ bin/rails:9
  [1m[35m (0.3ms)[0m  [1m[35mCOMMIT[0m
  ↳ bin/rails:9
  [1m[35mSQL (18.5ms)[0m  [1m[35mCREATE EXTENSION IF NOT EXISTS "plpgsql"[0m
  ↳ db/schema.rb:16
  [1m[35m (0.6ms)[0m  [1m[35mDROP TABLE IF EXISTS "comments" CASCADE[0m
  ↳ db/schema.rb:18
  [1m[35m (126.4ms)[0m  [1m[35mCREATE TABLE "comments" ("id" bigserial primary key, "parent_comment_id" integer, "post_id" integer, "user_id" integer, "points" integer, "created_at" timestamp NOT NULL, "updated_at" timestamp NOT NULL)[0m
  ↳ db/schema.rb:18
  [1m[35m (2.0ms)[0m  [1m[35mCREATE  INDEX  "index_comments_on_post_id_and_user_id" ON "comments"  ("post_id", "user_id")[0m
  ↳ db/schema.rb:18
  [1m[35m (0.3ms)[0m  [1m[35mDROP TABLE IF EXISTS "posts" CASCADE[0m
  ↳ db/schema.rb:28
  [1m[35m (30.5ms)[0m  [1m[35mCREATE TABLE "posts" ("id" bigserial primary key, "title" character varying NOT NULL, "url" character varying, "content" text, "sub_id" integer NOT NULL, "user_id" integer NOT NULL, "points" integer, "created_at" timestamp NOT NULL, "updated_at" timestamp NOT NULL)[0m
  ↳ db/schema.rb:28
  [1m[35m (4.5ms)[0m  [1m[35mCREATE  INDEX  "index_posts_on_sub_id_and_user_id" ON "posts"  ("sub_id", "user_id")[0m
  ↳ db/schema.rb:28
  [1m[35m (0.5ms)[0m  [1m[35mDROP TABLE IF EXISTS "subreddits" CASCADE[0m
  ↳ db/schema.rb:40
  [1m[35m (8.6ms)[0m  [1m[35mCREATE TABLE "subreddits" ("id" bigserial primary key, "title" character varying, "description" character varying, "user_id" integer, "created_at" timestamp NOT NULL, "updated_at" timestamp NOT NULL)[0m
  ↳ db/schema.rb:40
  [1m[35m (2.6ms)[0m  [1m[35mCREATE  INDEX  "index_subreddits_on_user_id" ON "subreddits"  ("user_id")[0m
  ↳ db/schema.rb:40
  [1m[35m (0.4ms)[0m  [1m[35mDROP TABLE IF EXISTS "subscriptions" CASCADE[0m
  ↳ db/schema.rb:49
  [1m[35m (37.4ms)[0m  [1m[35mCREATE TABLE "subscriptions" ("id" bigserial primary key, "user_id" integer, "subreddit_id" integer, "created_at" timestamp NOT NULL, "updated_at" timestamp NOT NULL)[0m
  ↳ db/schema.rb:49
  [1m[35m (1.7ms)[0m  [1m[35mCREATE  INDEX  "index_subscriptions_on_user_id_and_subreddit_id" ON "subscriptions"  ("user_id", "subreddit_id")[0m
  ↳ db/schema.rb:49
  [1m[35m (0.3ms)[0m  [1m[35mDROP TABLE IF EXISTS "users" CASCADE[0m
  ↳ db/schema.rb:57
  [1m[35m (33.2ms)[0m  [1m[35mCREATE TABLE "users" ("id" bigserial primary key, "username" character varying, "session_token" character varying, "password_digest" character varying, "created_at" timestamp NOT NULL, "updated_at" timestamp NOT NULL)[0m
  ↳ db/schema.rb:57
  [1m[35m (4.7ms)[0m  [1m[35mCREATE TABLE "schema_migrations" ("version" character varying NOT NULL PRIMARY KEY)[0m
  ↳ db/schema.rb:13
  [1m[35m (1.4ms)[0m  [1m[34mSELECT "schema_migrations"."version" FROM "schema_migrations" ORDER BY "schema_migrations"."version" ASC[0m
  ↳ db/schema.rb:13
  [1m[35m (0.9ms)[0m  [1m[32mINSERT INTO "schema_migrations" (version) VALUES (20180918182506)[0m
  ↳ db/schema.rb:13
  [1m[35m (16.5ms)[0m  [1m[32mINSERT INTO "schema_migrations" (version) VALUES
(20180918181904),
(20180918182221),
(20180918182314),
(20180918182424);

[0m
  ↳ db/schema.rb:13
  [1m[35m (4.7ms)[0m  [1m[35mCREATE TABLE "ar_internal_metadata" ("key" character varying NOT NULL PRIMARY KEY, "value" character varying, "created_at" timestamp NOT NULL, "updated_at" timestamp NOT NULL)[0m
  ↳ db/schema.rb:13
  [1m[36mActiveRecord::InternalMetadata Load (1.5ms)[0m  [1m[34mSELECT  "ar_internal_metadata".* FROM "ar_internal_metadata" WHERE "ar_internal_metadata"."key" = $1 LIMIT $2[0m  [["key", "environment"], ["LIMIT", 1]]
  ↳ db/schema.rb:13
  [1m[35m (0.2ms)[0m  [1m[35mBEGIN[0m
  ↳ db/schema.rb:13
  [1m[36mActiveRecord::InternalMetadata Create (0.9ms)[0m  [1m[32mINSERT INTO "ar_internal_metadata" ("key", "value", "created_at", "updated_at") VALUES ($1, $2, $3, $4) RETURNING "key"[0m  [["key", "environment"], ["value", "development"], ["created_at", "2018-09-18 18:41:22.817311"], ["updated_at", "2018-09-18 18:41:22.817311"]]
  ↳ db/schema.rb:13
  [1m[35m (0.5ms)[0m  [1m[35mCOMMIT[0m
  ↳ db/schema.rb:13
  [1m[36mActiveRecord::InternalMetadata Load (0.4ms)[0m  [1m[34mSELECT  "ar_internal_metadata".* FROM "ar_internal_metadata" WHERE "ar_internal_metadata"."key" = $1 LIMIT $2[0m  [["key", "environment"], ["LIMIT", 1]]
  ↳ bin/rails:9
  [1m[35m (0.2ms)[0m  [1m[35mBEGIN[0m
  ↳ bin/rails:9
  [1m[36mActiveRecord::InternalMetadata Update (22.7ms)[0m  [1m[33mUPDATE "ar_internal_metadata" SET "value" = $1, "updated_at" = $2 WHERE "ar_internal_metadata"."key" = $3[0m  [["value", "test"], ["updated_at", "2018-09-18 18:41:22.823638"], ["key", "environment"]]
  ↳ bin/rails:9
  [1m[35m (0.6ms)[0m  [1m[35mCOMMIT[0m
  ↳ bin/rails:9
  [1m[35m (1.2ms)[0m  [1m[34mSELECT "schema_migrations"."version" FROM "schema_migrations" ORDER BY "schema_migrations"."version" ASC[0m
  ↳ bin/rails:9
  [1m[36mUser Load (0.7ms)[0m  [1m[34mSELECT  "users".* FROM "users" LIMIT $1[0m  [["LIMIT", 11]]
  [1m[36mUser Load (0.4ms)[0m  [1m[34mSELECT  "users".* FROM "users" ORDER BY "users"."id" DESC LIMIT $1[0m  [["LIMIT", 1]]
Started GET "/" for 127.0.0.1 at 2018-09-18 13:59:15 -0700
  [1m[35m (1.6ms)[0m  [1m[34mSELECT "schema_migrations"."version" FROM "schema_migrations" ORDER BY "schema_migrations"."version" ASC[0m
  ↳ /usr/local/var/rbenv/versions/2.5.0/lib/ruby/gems/2.5.0/gems/activerecord-5.2.1/lib/active_record/log_subscriber.rb:98
Processing by Rails::WelcomeController#index as HTML
  Rendering /usr/local/var/rbenv/versions/2.5.0/lib/ruby/gems/2.5.0/gems/railties-5.2.1/lib/rails/templates/rails/welcome/index.html.erb
  Rendered /usr/local/var/rbenv/versions/2.5.0/lib/ruby/gems/2.5.0/gems/railties-5.2.1/lib/rails/templates/rails/welcome/index.html.erb (6.3ms)
Completed 200 OK in 122ms (Views: 54.9ms | ActiveRecord: 0.0ms)


Started GET "/sessions/new" for 127.0.0.1 at 2018-09-18 13:59:29 -0700
  
ActionController::RoutingError (No route matches [GET] "/sessions/new"):
  
actionpack (5.2.1) lib/action_dispatch/middleware/debug_exceptions.rb:65:in `call'
web-console (3.7.0) lib/web_console/middleware.rb:135:in `call_app'
web-console (3.7.0) lib/web_console/middleware.rb:30:in `block in call'
web-console (3.7.0) lib/web_console/middleware.rb:20:in `catch'
web-console (3.7.0) lib/web_console/middleware.rb:20:in `call'
actionpack (5.2.1) lib/action_dispatch/middleware/show_exceptions.rb:33:in `call'
railties (5.2.1) lib/rails/rack/logger.rb:38:in `call_app'
railties (5.2.1) lib/rails/rack/logger.rb:26:in `block in call'
activesupport (5.2.1) lib/active_support/tagged_logging.rb:71:in `block in tagged'
activesupport (5.2.1) lib/active_support/tagged_logging.rb:28:in `tagged'
activesupport (5.2.1) lib/active_support/tagged_logging.rb:71:in `tagged'
railties (5.2.1) lib/rails/rack/logger.rb:26:in `call'
sprockets-rails (3.2.1) lib/sprockets/rails/quiet_assets.rb:13:in `call'
actionpack (5.2.1) lib/action_dispatch/middleware/remote_ip.rb:81:in `call'
actionpack (5.2.1) lib/action_dispatch/middleware/request_id.rb:27:in `call'
rack (2.0.5) lib/rack/method_override.rb:22:in `call'
rack (2.0.5) lib/rack/runtime.rb:22:in `call'
activesupport (5.2.1) lib/active_support/cache/strategy/local_cache_middleware.rb:29:in `call'
actionpack (5.2.1) lib/action_dispatch/middleware/executor.rb:14:in `call'
actionpack (5.2.1) lib/action_dispatch/middleware/static.rb:127:in `call'
rack (2.0.5) lib/rack/sendfile.rb:111:in `call'
railties (5.2.1) lib/rails/engine.rb:524:in `call'
puma (3.12.0) lib/puma/configuration.rb:225:in `call'
puma (3.12.0) lib/puma/server.rb:658:in `handle_request'
puma (3.12.0) lib/puma/server.rb:472:in `process_client'
puma (3.12.0) lib/puma/server.rb:332:in `block in run'
puma (3.12.0) lib/puma/thread_pool.rb:133:in `block in spawn_thread'
Started GET "/session/new" for 127.0.0.1 at 2018-09-18 13:59:36 -0700
Processing by SessionsController#new as HTML
  Rendering sessions/new.html.erb within layouts/application
  Rendered sessions/new.html.erb within layouts/application (0.7ms)
Completed 500 Internal Server Error in 2045ms (ActiveRecord: 0.0ms)


  
ActionView::Template::Error (undefined local variable or method `new_users_path' for #<#<Class:0x00007fe8a2b81798>:0x00007fe8a2292100>
Did you mean?  new_user_path):
    19:       </form>
    20:     <% else %>
    21:       <%= link_to "Sign In", new_session_path %>
    22:       <%= link_to "Sign Up", new_users_path %>
    23:     <% end %>
    24: 
    25:     <%= yield %>
  
app/views/layouts/application.html.erb:22:in `_app_views_layouts_application_html_erb___476587675038390191_70318564855560'
app/controllers/sessions_controller.rb:4:in `new'
Started GET "/session/new" for 127.0.0.1 at 2018-09-18 14:00:13 -0700
Processing by SessionsController#new as HTML
  Rendering sessions/new.html.erb within layouts/application
  Rendered sessions/new.html.erb within layouts/application (0.6ms)
Completed 200 OK in 102ms (Views: 101.6ms | ActiveRecord: 0.0ms)


Started GET "/session/new" for 127.0.0.1 at 2018-09-18 14:00:21 -0700
Processing by SessionsController#new as HTML
  Rendering sessions/new.html.erb within layouts/application
  Rendered sessions/new.html.erb within layouts/application (0.7ms)
Completed 200 OK in 137ms (Views: 135.4ms | ActiveRecord: 0.0ms)


Started GET "/users/new" for 127.0.0.1 at 2018-09-18 14:00:25 -0700
Processing by UsersController#new as HTML
  Rendering users/new.html.erb within layouts/application
  Rendered users/new.html.erb within layouts/application (1.0ms)
Completed 200 OK in 246ms (Views: 66.0ms | ActiveRecord: 14.6ms)


Started GET "/session/new" for 127.0.0.1 at 2018-09-18 14:00:28 -0700
Processing by SessionsController#new as HTML
  Rendering sessions/new.html.erb within layouts/application
  Rendered sessions/new.html.erb within layouts/application (3.0ms)
Completed 200 OK in 110ms (Views: 109.1ms | ActiveRecord: 0.0ms)


Started GET "/session/new" for 127.0.0.1 at 2018-09-18 14:04:09 -0700
Processing by SessionsController#new as HTML
  Rendering sessions/new.html.erb within layouts/application
  Rendered sessions/new.html.erb within layouts/application (4.6ms)
Completed 500 Internal Server Error in 15ms (ActiveRecord: 0.0ms)


  
ActionView::Template::Error (First argument in form cannot contain nil or be empty):
    1: <h1> Log in! </h1>
    2: 
    3: <%  form_for @user do |f| %>
    4:   <%= f.text_field :username %>
    5:   <%= f.text_field :password %>
    6:   <%= f.submit %>
  
app/views/sessions/new.html.erb:3:in `_app_views_sessions_new_html_erb__4049317946553595816_70318598002320'
app/controllers/sessions_controller.rb:4:in `new'
Started GET "/session/new" for 127.0.0.1 at 2018-09-18 14:04:33 -0700
Processing by SessionsController#new as HTML
  Rendering sessions/new.html.erb within layouts/application
  Rendered sessions/new.html.erb within layouts/application (3.3ms)
Completed 500 Internal Server Error in 13ms (ActiveRecord: 0.0ms)


  
ActionView::Template::Error (First argument in form cannot contain nil or be empty):
    1: <h1> Log in! </h1>
    2: 
    3: <%  form_for @session do |f| %>
    4:   <%= f.text_field :username %>
    5:   <%= f.text_field :password %>
    6:   <%= f.submit %>
  
app/views/sessions/new.html.erb:3:in `_app_views_sessions_new_html_erb__4049317946553595816_70318559237100'
app/controllers/sessions_controller.rb:4:in `new'
Started GET "/users/new" for 127.0.0.1 at 2018-09-18 14:05:03 -0700
Processing by UsersController#new as HTML
  Rendering users/new.html.erb within layouts/application
  Rendered users/new.html.erb within layouts/application (160.4ms)
Completed 200 OK in 492ms (Views: 489.1ms | ActiveRecord: 0.0ms)


Started GET "/users/new" for 127.0.0.1 at 2018-09-18 14:05:18 -0700
Processing by UsersController#new as HTML
  Rendering users/new.html.erb within layouts/application
  Rendered users/new.html.erb within layouts/application (3.0ms)
Completed 200 OK in 62ms (Views: 58.0ms | ActiveRecord: 0.0ms)


Started GET "/users/new" for 127.0.0.1 at 2018-09-18 14:05:47 -0700
Processing by UsersController#new as HTML
  Rendering users/new.html.erb within layouts/application
  Rendered users/new.html.erb within layouts/application (43.7ms)
Completed 200 OK in 95ms (Views: 90.5ms | ActiveRecord: 0.0ms)


Started GET "/users/new" for 127.0.0.1 at 2018-09-18 14:06:01 -0700
Processing by UsersController#new as HTML
  Rendering users/new.html.erb within layouts/application
  Rendered users/new.html.erb within layouts/application (2.6ms)
Completed 200 OK in 66ms (Views: 63.4ms | ActiveRecord: 0.0ms)


Started GET "/users/new" for 127.0.0.1 at 2018-09-18 14:06:13 -0700
Processing by UsersController#new as HTML
  Rendering users/new.html.erb within layouts/application
  Rendered users/new.html.erb within layouts/application (9.9ms)
Completed 500 Internal Server Error in 27ms (ActiveRecord: 0.0ms)


  
SyntaxError (/Users/appacademy/Desktop/W5D2/RedditWLuke/app/views/users/new.html.erb:7: syntax error, unexpected ')', expecting &. or :: or '[' or '.'
...f.submit , "Create User!!!!!!");@output_buffer.safe_append='
...                              ^
/Users/appacademy/Desktop/W5D2/RedditWLuke/app/views/users/new.html.erb:8: syntax error, unexpected keyword_end, expecting ')'
'.freeze; end 
          ^~~
/Users/appacademy/Desktop/W5D2/RedditWLuke/app/views/users/new.html.erb:10: syntax error, unexpected keyword_ensure, expecting ')'
          ensure
          ^~~~~~
/Users/appacademy/Desktop/W5D2/RedditWLuke/app/views/users/new.html.erb:12: syntax error, unexpected keyword_end, expecting ')'
          end
          ^~~):
  
app/views/users/new.html.erb:7: syntax error, unexpected ')', expecting &. or :: or '[' or '.'
app/views/users/new.html.erb:8: syntax error, unexpected keyword_end, expecting ')'
app/views/users/new.html.erb:10: syntax error, unexpected keyword_ensure, expecting ')'
app/views/users/new.html.erb:12: syntax error, unexpected keyword_end, expecting ')'
Started GET "/users/new" for 127.0.0.1 at 2018-09-18 14:06:30 -0700
Processing by UsersController#new as HTML
  Rendering users/new.html.erb within layouts/application
  Rendered users/new.html.erb within layouts/application (2.1ms)
Completed 200 OK in 217ms (Views: 211.5ms | ActiveRecord: 0.0ms)


Started GET "/users/new" for 127.0.0.1 at 2018-09-18 14:26:11 -0700
Processing by UsersController#new as HTML
  Rendering users/new.html.erb within layouts/application
  Rendered users/new.html.erb within layouts/application (6.2ms)
Completed 200 OK in 225ms (Views: 160.8ms | ActiveRecord: 13.0ms)


Started GET "/" for 127.0.0.1 at 2018-09-18 14:27:03 -0700
Processing by Rails::WelcomeController#index as HTML
  Rendering /usr/local/var/rbenv/versions/2.5.0/lib/ruby/gems/2.5.0/gems/railties-5.2.1/lib/rails/templates/rails/welcome/index.html.erb
  Rendered /usr/local/var/rbenv/versions/2.5.0/lib/ruby/gems/2.5.0/gems/railties-5.2.1/lib/rails/templates/rails/welcome/index.html.erb (3.9ms)
Completed 200 OK in 63ms (Views: 13.1ms | ActiveRecord: 0.0ms)


Started GET "/sessions/new" for 127.0.0.1 at 2018-09-18 14:27:07 -0700
  
ActionController::RoutingError (No route matches [GET] "/sessions/new"):
  
actionpack (5.2.1) lib/action_dispatch/middleware/debug_exceptions.rb:65:in `call'
web-console (3.7.0) lib/web_console/middleware.rb:135:in `call_app'
web-console (3.7.0) lib/web_console/middleware.rb:30:in `block in call'
web-console (3.7.0) lib/web_console/middleware.rb:20:in `catch'
web-console (3.7.0) lib/web_console/middleware.rb:20:in `call'
actionpack (5.2.1) lib/action_dispatch/middleware/show_exceptions.rb:33:in `call'
railties (5.2.1) lib/rails/rack/logger.rb:38:in `call_app'
railties (5.2.1) lib/rails/rack/logger.rb:26:in `block in call'
activesupport (5.2.1) lib/active_support/tagged_logging.rb:71:in `block in tagged'
activesupport (5.2.1) lib/active_support/tagged_logging.rb:28:in `tagged'
activesupport (5.2.1) lib/active_support/tagged_logging.rb:71:in `tagged'
railties (5.2.1) lib/rails/rack/logger.rb:26:in `call'
sprockets-rails (3.2.1) lib/sprockets/rails/quiet_assets.rb:13:in `call'
actionpack (5.2.1) lib/action_dispatch/middleware/remote_ip.rb:81:in `call'
actionpack (5.2.1) lib/action_dispatch/middleware/request_id.rb:27:in `call'
rack (2.0.5) lib/rack/method_override.rb:22:in `call'
rack (2.0.5) lib/rack/runtime.rb:22:in `call'
activesupport (5.2.1) lib/active_support/cache/strategy/local_cache_middleware.rb:29:in `call'
actionpack (5.2.1) lib/action_dispatch/middleware/executor.rb:14:in `call'
actionpack (5.2.1) lib/action_dispatch/middleware/static.rb:127:in `call'
rack (2.0.5) lib/rack/sendfile.rb:111:in `call'
railties (5.2.1) lib/rails/engine.rb:524:in `call'
puma (3.12.0) lib/puma/configuration.rb:225:in `call'
puma (3.12.0) lib/puma/server.rb:658:in `handle_request'
puma (3.12.0) lib/puma/server.rb:472:in `process_client'
puma (3.12.0) lib/puma/server.rb:332:in `block in run'
puma (3.12.0) lib/puma/thread_pool.rb:133:in `block in spawn_thread'
Started GET "/subreddit/new" for 127.0.0.1 at 2018-09-18 14:27:25 -0700
  
ActionController::RoutingError (uninitialized constant SubredditController):
  
bootsnap (1.3.2) lib/bootsnap/load_path_cache/core_ext/active_support.rb:74:in `block in load_missing_constant'
bootsnap (1.3.2) lib/bootsnap/load_path_cache/core_ext/active_support.rb:8:in `without_bootsnap_cache'
bootsnap (1.3.2) lib/bootsnap/load_path_cache/core_ext/active_support.rb:74:in `rescue in load_missing_constant'
bootsnap (1.3.2) lib/bootsnap/load_path_cache/core_ext/active_support.rb:56:in `load_missing_constant'
activesupport (5.2.1) lib/active_support/inflector/methods.rb:283:in `const_get'
activesupport (5.2.1) lib/active_support/inflector/methods.rb:283:in `block in constantize'
activesupport (5.2.1) lib/active_support/inflector/methods.rb:281:in `each'
activesupport (5.2.1) lib/active_support/inflector/methods.rb:281:in `inject'
activesupport (5.2.1) lib/active_support/inflector/methods.rb:281:in `constantize'
actionpack (5.2.1) lib/action_dispatch/http/request.rb:88:in `controller_class_for'
actionpack (5.2.1) lib/action_dispatch/http/request.rb:81:in `controller_class'
actionpack (5.2.1) lib/action_dispatch/routing/route_set.rb:46:in `controller'
actionpack (5.2.1) lib/action_dispatch/routing/route_set.rb:32:in `serve'
actionpack (5.2.1) lib/action_dispatch/journey/router.rb:52:in `block in serve'
actionpack (5.2.1) lib/action_dispatch/journey/router.rb:35:in `each'
actionpack (5.2.1) lib/action_dispatch/journey/router.rb:35:in `serve'
actionpack (5.2.1) lib/action_dispatch/routing/route_set.rb:840:in `call'
rack (2.0.5) lib/rack/tempfile_reaper.rb:15:in `call'
rack (2.0.5) lib/rack/etag.rb:25:in `call'
rack (2.0.5) lib/rack/conditional_get.rb:25:in `call'
rack (2.0.5) lib/rack/head.rb:12:in `call'
actionpack (5.2.1) lib/action_dispatch/http/content_security_policy.rb:18:in `call'
rack (2.0.5) lib/rack/session/abstract/id.rb:232:in `context'
rack (2.0.5) lib/rack/session/abstract/id.rb:226:in `call'
actionpack (5.2.1) lib/action_dispatch/middleware/cookies.rb:670:in `call'
activerecord (5.2.1) lib/active_record/migration.rb:559:in `call'
actionpack (5.2.1) lib/action_dispatch/middleware/callbacks.rb:28:in `block in call'
activesupport (5.2.1) lib/active_support/callbacks.rb:98:in `run_callbacks'
actionpack (5.2.1) lib/action_dispatch/middleware/callbacks.rb:26:in `call'
actionpack (5.2.1) lib/action_dispatch/middleware/executor.rb:14:in `call'
actionpack (5.2.1) lib/action_dispatch/middleware/debug_exceptions.rb:61:in `call'
web-console (3.7.0) lib/web_console/middleware.rb:135:in `call_app'
web-console (3.7.0) lib/web_console/middleware.rb:30:in `block in call'
web-console (3.7.0) lib/web_console/middleware.rb:20:in `catch'
web-console (3.7.0) lib/web_console/middleware.rb:20:in `call'
actionpack (5.2.1) lib/action_dispatch/middleware/show_exceptions.rb:33:in `call'
railties (5.2.1) lib/rails/rack/logger.rb:38:in `call_app'
railties (5.2.1) lib/rails/rack/logger.rb:26:in `block in call'
activesupport (5.2.1) lib/active_support/tagged_logging.rb:71:in `block in tagged'
activesupport (5.2.1) lib/active_support/tagged_logging.rb:28:in `tagged'
activesupport (5.2.1) lib/active_support/tagged_logging.rb:71:in `tagged'
railties (5.2.1) lib/rails/rack/logger.rb:26:in `call'
sprockets-rails (3.2.1) lib/sprockets/rails/quiet_assets.rb:13:in `call'
actionpack (5.2.1) lib/action_dispatch/middleware/remote_ip.rb:81:in `call'
actionpack (5.2.1) lib/action_dispatch/middleware/request_id.rb:27:in `call'
rack (2.0.5) lib/rack/method_override.rb:22:in `call'
rack (2.0.5) lib/rack/runtime.rb:22:in `call'
activesupport (5.2.1) lib/active_support/cache/strategy/local_cache_middleware.rb:29:in `call'
actionpack (5.2.1) lib/action_dispatch/middleware/executor.rb:14:in `call'
actionpack (5.2.1) lib/action_dispatch/middleware/static.rb:127:in `call'
rack (2.0.5) lib/rack/sendfile.rb:111:in `call'
railties (5.2.1) lib/rails/engine.rb:524:in `call'
puma (3.12.0) lib/puma/configuration.rb:225:in `call'
puma (3.12.0) lib/puma/server.rb:658:in `handle_request'
puma (3.12.0) lib/puma/server.rb:472:in `process_client'
puma (3.12.0) lib/puma/server.rb:332:in `block in run'
puma (3.12.0) lib/puma/thread_pool.rb:133:in `block in spawn_thread'
Started GET "/subreddit/new" for 127.0.0.1 at 2018-09-18 14:27:44 -0700
  
ActionController::RoutingError (No route matches [GET] "/subreddit/new"):
  
actionpack (5.2.1) lib/action_dispatch/middleware/debug_exceptions.rb:65:in `call'
web-console (3.7.0) lib/web_console/middleware.rb:135:in `call_app'
web-console (3.7.0) lib/web_console/middleware.rb:30:in `block in call'
web-console (3.7.0) lib/web_console/middleware.rb:20:in `catch'
web-console (3.7.0) lib/web_console/middleware.rb:20:in `call'
actionpack (5.2.1) lib/action_dispatch/middleware/show_exceptions.rb:33:in `call'
railties (5.2.1) lib/rails/rack/logger.rb:38:in `call_app'
railties (5.2.1) lib/rails/rack/logger.rb:26:in `block in call'
activesupport (5.2.1) lib/active_support/tagged_logging.rb:71:in `block in tagged'
activesupport (5.2.1) lib/active_support/tagged_logging.rb:28:in `tagged'
activesupport (5.2.1) lib/active_support/tagged_logging.rb:71:in `tagged'
railties (5.2.1) lib/rails/rack/logger.rb:26:in `call'
sprockets-rails (3.2.1) lib/sprockets/rails/quiet_assets.rb:13:in `call'
actionpack (5.2.1) lib/action_dispatch/middleware/remote_ip.rb:81:in `call'
actionpack (5.2.1) lib/action_dispatch/middleware/request_id.rb:27:in `call'
rack (2.0.5) lib/rack/method_override.rb:22:in `call'
rack (2.0.5) lib/rack/runtime.rb:22:in `call'
activesupport (5.2.1) lib/active_support/cache/strategy/local_cache_middleware.rb:29:in `call'
actionpack (5.2.1) lib/action_dispatch/middleware/executor.rb:14:in `call'
actionpack (5.2.1) lib/action_dispatch/middleware/static.rb:127:in `call'
rack (2.0.5) lib/rack/sendfile.rb:111:in `call'
railties (5.2.1) lib/rails/engine.rb:524:in `call'
puma (3.12.0) lib/puma/configuration.rb:225:in `call'
puma (3.12.0) lib/puma/server.rb:658:in `handle_request'
puma (3.12.0) lib/puma/server.rb:472:in `process_client'
puma (3.12.0) lib/puma/server.rb:332:in `block in run'
puma (3.12.0) lib/puma/thread_pool.rb:133:in `block in spawn_thread'
Started GET "/subreddit/new" for 127.0.0.1 at 2018-09-18 14:27:54 -0700
  
ActionController::RoutingError (No route matches [GET] "/subreddit/new"):
  
actionpack (5.2.1) lib/action_dispatch/middleware/debug_exceptions.rb:65:in `call'
web-console (3.7.0) lib/web_console/middleware.rb:135:in `call_app'
web-console (3.7.0) lib/web_console/middleware.rb:30:in `block in call'
web-console (3.7.0) lib/web_console/middleware.rb:20:in `catch'
web-console (3.7.0) lib/web_console/middleware.rb:20:in `call'
actionpack (5.2.1) lib/action_dispatch/middleware/show_exceptions.rb:33:in `call'
railties (5.2.1) lib/rails/rack/logger.rb:38:in `call_app'
railties (5.2.1) lib/rails/rack/logger.rb:26:in `block in call'
activesupport (5.2.1) lib/active_support/tagged_logging.rb:71:in `block in tagged'
activesupport (5.2.1) lib/active_support/tagged_logging.rb:28:in `tagged'
activesupport (5.2.1) lib/active_support/tagged_logging.rb:71:in `tagged'
railties (5.2.1) lib/rails/rack/logger.rb:26:in `call'
sprockets-rails (3.2.1) lib/sprockets/rails/quiet_assets.rb:13:in `call'
actionpack (5.2.1) lib/action_dispatch/middleware/remote_ip.rb:81:in `call'
actionpack (5.2.1) lib/action_dispatch/middleware/request_id.rb:27:in `call'
rack (2.0.5) lib/rack/method_override.rb:22:in `call'
rack (2.0.5) lib/rack/runtime.rb:22:in `call'
activesupport (5.2.1) lib/active_support/cache/strategy/local_cache_middleware.rb:29:in `call'
actionpack (5.2.1) lib/action_dispatch/middleware/executor.rb:14:in `call'
actionpack (5.2.1) lib/action_dispatch/middleware/static.rb:127:in `call'
rack (2.0.5) lib/rack/sendfile.rb:111:in `call'
railties (5.2.1) lib/rails/engine.rb:524:in `call'
puma (3.12.0) lib/puma/configuration.rb:225:in `call'
puma (3.12.0) lib/puma/server.rb:658:in `handle_request'
puma (3.12.0) lib/puma/server.rb:472:in `process_client'
puma (3.12.0) lib/puma/server.rb:332:in `block in run'
puma (3.12.0) lib/puma/thread_pool.rb:133:in `block in spawn_thread'
Started GET "/subreddit/new" for 127.0.0.1 at 2018-09-18 14:28:01 -0700
  
ActionController::RoutingError (No route matches [GET] "/subreddit/new"):
  
actionpack (5.2.1) lib/action_dispatch/middleware/debug_exceptions.rb:65:in `call'
web-console (3.7.0) lib/web_console/middleware.rb:135:in `call_app'
web-console (3.7.0) lib/web_console/middleware.rb:30:in `block in call'
web-console (3.7.0) lib/web_console/middleware.rb:20:in `catch'
web-console (3.7.0) lib/web_console/middleware.rb:20:in `call'
actionpack (5.2.1) lib/action_dispatch/middleware/show_exceptions.rb:33:in `call'
railties (5.2.1) lib/rails/rack/logger.rb:38:in `call_app'
railties (5.2.1) lib/rails/rack/logger.rb:26:in `block in call'
activesupport (5.2.1) lib/active_support/tagged_logging.rb:71:in `block in tagged'
activesupport (5.2.1) lib/active_support/tagged_logging.rb:28:in `tagged'
activesupport (5.2.1) lib/active_support/tagged_logging.rb:71:in `tagged'
railties (5.2.1) lib/rails/rack/logger.rb:26:in `call'
sprockets-rails (3.2.1) lib/sprockets/rails/quiet_assets.rb:13:in `call'
actionpack (5.2.1) lib/action_dispatch/middleware/remote_ip.rb:81:in `call'
actionpack (5.2.1) lib/action_dispatch/middleware/request_id.rb:27:in `call'
rack (2.0.5) lib/rack/method_override.rb:22:in `call'
rack (2.0.5) lib/rack/runtime.rb:22:in `call'
activesupport (5.2.1) lib/active_support/cache/strategy/local_cache_middleware.rb:29:in `call'
actionpack (5.2.1) lib/action_dispatch/middleware/executor.rb:14:in `call'
actionpack (5.2.1) lib/action_dispatch/middleware/static.rb:127:in `call'
rack (2.0.5) lib/rack/sendfile.rb:111:in `call'
railties (5.2.1) lib/rails/engine.rb:524:in `call'
puma (3.12.0) lib/puma/configuration.rb:225:in `call'
puma (3.12.0) lib/puma/server.rb:658:in `handle_request'
puma (3.12.0) lib/puma/server.rb:472:in `process_client'
puma (3.12.0) lib/puma/server.rb:332:in `block in run'
puma (3.12.0) lib/puma/thread_pool.rb:133:in `block in spawn_thread'
Started GET "/subreddits/new" for 127.0.0.1 at 2018-09-18 14:28:18 -0700
  [1m[35m (23.2ms)[0m  [1m[34mSELECT "schema_migrations"."version" FROM "schema_migrations" ORDER BY "schema_migrations"."version" ASC[0m
  ↳ /usr/local/var/rbenv/versions/2.5.0/lib/ruby/gems/2.5.0/gems/activerecord-5.2.1/lib/active_record/log_subscriber.rb:98
Processing by SubredditsController#new as HTML
  Rendering subreddits/new.html.erb within layouts/application
  Rendered subreddits/new.html.erb within layouts/application (81.0ms)
Completed 200 OK in 799ms (Views: 680.2ms | ActiveRecord: 8.6ms)


Started GET "/subreddits/new" for 127.0.0.1 at 2018-09-18 14:28:33 -0700
Processing by SubredditsController#new as HTML
  Rendering subreddits/new.html.erb within layouts/application
  Rendered subreddits/new.html.erb within layouts/application (2.9ms)
Completed 200 OK in 65ms (Views: 61.5ms | ActiveRecord: 0.0ms)


Started POST "/subreddits" for 127.0.0.1 at 2018-09-18 14:28:54 -0700
Processing by SubredditsController#create as HTML
  Parameters: {"utf8"=>"✓", "authenticity_token"=>"5bpR93SdGkq4dsb5lmHJcgf7JJvIp8CpImcUpMyXrqqEXji5zI4qtRsC44RSwJFowsXZ/Axl3b2PQ7oqGwjjgw==", "subreddit"=>{"title"=>"What is going on", "description"=>"This is my favorite project\r\n"}, "commit"=>"Create Subreddit"}
Completed 500 Internal Server Error in 3ms (ActiveRecord: 0.0ms)


  
NoMethodError (undefined method `id' for nil:NilClass):
  
app/controllers/subreddits_controller.rb:13:in `create'
Started GET "/subreddits/new" for 127.0.0.1 at 2018-09-18 14:30:33 -0700
Processing by SubredditsController#new as HTML
  Rendering subreddits/new.html.erb within layouts/application
  Rendered subreddits/new.html.erb within layouts/application (4.0ms)
Completed 200 OK in 148ms (Views: 144.9ms | ActiveRecord: 0.0ms)


Started GET "/users/new" for 127.0.0.1 at 2018-09-18 14:31:56 -0700
Processing by UsersController#new as HTML
  Rendering users/new.html.erb within layouts/application
  Rendered users/new.html.erb within layouts/application (3.8ms)
Completed 200 OK in 196ms (Views: 140.4ms | ActiveRecord: 14.8ms)


Started POST "/users" for 127.0.0.1 at 2018-09-18 14:32:06 -0700
Processing by UsersController#create as HTML
  Parameters: {"utf8"=>"✓", "authenticity_token"=>"NvOg8nYJsZSOG2iw7lAlJ3cFbiOQBSLmWB2pS/Pm8KtXF8m8zhqBay1vTc0q8X09sjuTRFTHP/L1OQfFJHm9gg==", "user"=>{"username"=>"user", "password"=>"[FILTERED]"}, "commit"=>"Create User!!!!!!"}
  [1m[35m (0.3ms)[0m  [1m[35mBEGIN[0m
  ↳ app/controllers/users_controller.rb:9
  [1m[36mUser Create (16.4ms)[0m  [1m[32mINSERT INTO "users" ("username", "session_token", "password_digest", "created_at", "updated_at") VALUES ($1, $2, $3, $4, $5) RETURNING "id"[0m  [["username", "user"], ["session_token", "XU2KMYm9gOmCgexz3vBneA"], ["password_digest", "$2a$10$YS76tZYLqSHbbXXYj9AbmuB3n/MB9lV0UeNRQLDFyom10UMjRGJrC"], ["created_at", "2018-09-18 21:32:06.876648"], ["updated_at", "2018-09-18 21:32:06.876648"]]
  ↳ app/controllers/users_controller.rb:9
  [1m[35m (18.9ms)[0m  [1m[35mCOMMIT[0m
  ↳ app/controllers/users_controller.rb:9
  [1m[35m (0.2ms)[0m  [1m[35mBEGIN[0m
  ↳ app/models/user.rb:42
  [1m[36mUser Update (0.8ms)[0m  [1m[33mUPDATE "users" SET "session_token" = $1, "updated_at" = $2 WHERE "users"."id" = $3[0m  [["session_token", "e10qnSjk5BD-M_GNbo36pQ"], ["updated_at", "2018-09-18 21:32:06.917290"], ["id", 1]]
  ↳ app/models/user.rb:42
  [1m[35m (0.5ms)[0m  [1m[35mCOMMIT[0m
  ↳ app/models/user.rb:42
Redirected to http://localhost:3000/subreddits
Completed 302 Found in 175ms (ActiveRecord: 37.1ms)


Started GET "/subreddits" for 127.0.0.1 at 2018-09-18 14:32:06 -0700
Processing by SubredditsController#index as HTML
  Rendering subreddits/index.html.erb within layouts/application
  Rendered subreddits/index.html.erb within layouts/application (0.6ms)
  [1m[36mUser Load (0.7ms)[0m  [1m[34mSELECT  "users".* FROM "users" WHERE "users"."session_token" = $1 LIMIT $2[0m  [["session_token", "e10qnSjk5BD-M_GNbo36pQ"], ["LIMIT", 1]]
  ↳ app/controllers/application_controller.rb:15
Completed 200 OK in 133ms (Views: 102.5ms | ActiveRecord: 2.5ms)


Started GET "/subreddits/new" for 127.0.0.1 at 2018-09-18 14:32:17 -0700
Processing by SubredditsController#new as HTML
  [1m[36mUser Load (0.7ms)[0m  [1m[34mSELECT  "users".* FROM "users" WHERE "users"."session_token" = $1 LIMIT $2[0m  [["session_token", "e10qnSjk5BD-M_GNbo36pQ"], ["LIMIT", 1]]
  ↳ app/controllers/application_controller.rb:15
  Rendering subreddits/new.html.erb within layouts/application
  Rendered subreddits/new.html.erb within layouts/application (4.1ms)
Completed 200 OK in 117ms (Views: 85.3ms | ActiveRecord: 8.8ms)


Started GET "/subreddits/new" for 127.0.0.1 at 2018-09-18 14:32:56 -0700
Processing by SubredditsController#new as HTML
  [1m[36mUser Load (0.7ms)[0m  [1m[34mSELECT  "users".* FROM "users" WHERE "users"."session_token" = $1 LIMIT $2[0m  [["session_token", "e10qnSjk5BD-M_GNbo36pQ"], ["LIMIT", 1]]
  ↳ app/controllers/application_controller.rb:15
  Rendering subreddits/new.html.erb within layouts/application
  Rendered subreddits/new.html.erb within layouts/application (3.5ms)
Completed 200 OK in 123ms (Views: 63.4ms | ActiveRecord: 16.7ms)


Started DELETE "/users" for 127.0.0.1 at 2018-09-18 14:33:05 -0700
  
ActionController::RoutingError (No route matches [DELETE] "/users"):
  
actionpack (5.2.1) lib/action_dispatch/middleware/debug_exceptions.rb:65:in `call'
web-console (3.7.0) lib/web_console/middleware.rb:135:in `call_app'
web-console (3.7.0) lib/web_console/middleware.rb:30:in `block in call'
web-console (3.7.0) lib/web_console/middleware.rb:20:in `catch'
web-console (3.7.0) lib/web_console/middleware.rb:20:in `call'
actionpack (5.2.1) lib/action_dispatch/middleware/show_exceptions.rb:33:in `call'
railties (5.2.1) lib/rails/rack/logger.rb:38:in `call_app'
railties (5.2.1) lib/rails/rack/logger.rb:26:in `block in call'
activesupport (5.2.1) lib/active_support/tagged_logging.rb:71:in `block in tagged'
activesupport (5.2.1) lib/active_support/tagged_logging.rb:28:in `tagged'
activesupport (5.2.1) lib/active_support/tagged_logging.rb:71:in `tagged'
railties (5.2.1) lib/rails/rack/logger.rb:26:in `call'
sprockets-rails (3.2.1) lib/sprockets/rails/quiet_assets.rb:13:in `call'
actionpack (5.2.1) lib/action_dispatch/middleware/remote_ip.rb:81:in `call'
actionpack (5.2.1) lib/action_dispatch/middleware/request_id.rb:27:in `call'
rack (2.0.5) lib/rack/method_override.rb:22:in `call'
rack (2.0.5) lib/rack/runtime.rb:22:in `call'
activesupport (5.2.1) lib/active_support/cache/strategy/local_cache_middleware.rb:29:in `call'
actionpack (5.2.1) lib/action_dispatch/middleware/executor.rb:14:in `call'
actionpack (5.2.1) lib/action_dispatch/middleware/static.rb:127:in `call'
rack (2.0.5) lib/rack/sendfile.rb:111:in `call'
railties (5.2.1) lib/rails/engine.rb:524:in `call'
puma (3.12.0) lib/puma/configuration.rb:225:in `call'
puma (3.12.0) lib/puma/server.rb:658:in `handle_request'
puma (3.12.0) lib/puma/server.rb:472:in `process_client'
puma (3.12.0) lib/puma/server.rb:332:in `block in run'
puma (3.12.0) lib/puma/thread_pool.rb:133:in `block in spawn_thread'
Started DELETE "/users" for 127.0.0.1 at 2018-09-18 14:33:44 -0700
  
ActionController::RoutingError (No route matches [DELETE] "/users"):
  
actionpack (5.2.1) lib/action_dispatch/middleware/debug_exceptions.rb:65:in `call'
web-console (3.7.0) lib/web_console/middleware.rb:135:in `call_app'
web-console (3.7.0) lib/web_console/middleware.rb:30:in `block in call'
web-console (3.7.0) lib/web_console/middleware.rb:20:in `catch'
web-console (3.7.0) lib/web_console/middleware.rb:20:in `call'
actionpack (5.2.1) lib/action_dispatch/middleware/show_exceptions.rb:33:in `call'
railties (5.2.1) lib/rails/rack/logger.rb:38:in `call_app'
railties (5.2.1) lib/rails/rack/logger.rb:26:in `block in call'
activesupport (5.2.1) lib/active_support/tagged_logging.rb:71:in `block in tagged'
activesupport (5.2.1) lib/active_support/tagged_logging.rb:28:in `tagged'
activesupport (5.2.1) lib/active_support/tagged_logging.rb:71:in `tagged'
railties (5.2.1) lib/rails/rack/logger.rb:26:in `call'
sprockets-rails (3.2.1) lib/sprockets/rails/quiet_assets.rb:13:in `call'
actionpack (5.2.1) lib/action_dispatch/middleware/remote_ip.rb:81:in `call'
actionpack (5.2.1) lib/action_dispatch/middleware/request_id.rb:27:in `call'
rack (2.0.5) lib/rack/method_override.rb:22:in `call'
rack (2.0.5) lib/rack/runtime.rb:22:in `call'
activesupport (5.2.1) lib/active_support/cache/strategy/local_cache_middleware.rb:29:in `call'
actionpack (5.2.1) lib/action_dispatch/middleware/executor.rb:14:in `call'
actionpack (5.2.1) lib/action_dispatch/middleware/static.rb:127:in `call'
rack (2.0.5) lib/rack/sendfile.rb:111:in `call'
railties (5.2.1) lib/rails/engine.rb:524:in `call'
puma (3.12.0) lib/puma/configuration.rb:225:in `call'
puma (3.12.0) lib/puma/server.rb:658:in `handle_request'
puma (3.12.0) lib/puma/server.rb:472:in `process_client'
puma (3.12.0) lib/puma/server.rb:332:in `block in run'
puma (3.12.0) lib/puma/thread_pool.rb:133:in `block in spawn_thread'
Started GET "/users" for 127.0.0.1 at 2018-09-18 14:33:47 -0700
  
ActionController::RoutingError (No route matches [GET] "/users"):
  
actionpack (5.2.1) lib/action_dispatch/middleware/debug_exceptions.rb:65:in `call'
web-console (3.7.0) lib/web_console/middleware.rb:135:in `call_app'
web-console (3.7.0) lib/web_console/middleware.rb:30:in `block in call'
web-console (3.7.0) lib/web_console/middleware.rb:20:in `catch'
web-console (3.7.0) lib/web_console/middleware.rb:20:in `call'
actionpack (5.2.1) lib/action_dispatch/middleware/show_exceptions.rb:33:in `call'
railties (5.2.1) lib/rails/rack/logger.rb:38:in `call_app'
railties (5.2.1) lib/rails/rack/logger.rb:26:in `block in call'
activesupport (5.2.1) lib/active_support/tagged_logging.rb:71:in `block in tagged'
activesupport (5.2.1) lib/active_support/tagged_logging.rb:28:in `tagged'
activesupport (5.2.1) lib/active_support/tagged_logging.rb:71:in `tagged'
railties (5.2.1) lib/rails/rack/logger.rb:26:in `call'
sprockets-rails (3.2.1) lib/sprockets/rails/quiet_assets.rb:13:in `call'
actionpack (5.2.1) lib/action_dispatch/middleware/remote_ip.rb:81:in `call'
actionpack (5.2.1) lib/action_dispatch/middleware/request_id.rb:27:in `call'
rack (2.0.5) lib/rack/method_override.rb:22:in `call'
rack (2.0.5) lib/rack/runtime.rb:22:in `call'
activesupport (5.2.1) lib/active_support/cache/strategy/local_cache_middleware.rb:29:in `call'
actionpack (5.2.1) lib/action_dispatch/middleware/executor.rb:14:in `call'
actionpack (5.2.1) lib/action_dispatch/middleware/static.rb:127:in `call'
rack (2.0.5) lib/rack/sendfile.rb:111:in `call'
railties (5.2.1) lib/rails/engine.rb:524:in `call'
puma (3.12.0) lib/puma/configuration.rb:225:in `call'
puma (3.12.0) lib/puma/server.rb:658:in `handle_request'
puma (3.12.0) lib/puma/server.rb:472:in `process_client'
puma (3.12.0) lib/puma/server.rb:332:in `block in run'
puma (3.12.0) lib/puma/thread_pool.rb:133:in `block in spawn_thread'
Started GET "/users/new" for 127.0.0.1 at 2018-09-18 14:33:50 -0700
Processing by UsersController#new as HTML
  Rendering users/new.html.erb within layouts/application
  Rendered users/new.html.erb within layouts/application (2.8ms)
  [1m[36mUser Load (0.9ms)[0m  [1m[34mSELECT  "users".* FROM "users" WHERE "users"."session_token" = $1 LIMIT $2[0m  [["session_token", "e10qnSjk5BD-M_GNbo36pQ"], ["LIMIT", 1]]
  ↳ app/controllers/application_controller.rb:15
Completed 200 OK in 200ms (Views: 195.9ms | ActiveRecord: 0.9ms)


Started GET "/sessions/new" for 127.0.0.1 at 2018-09-18 14:33:52 -0700
  
ActionController::RoutingError (No route matches [GET] "/sessions/new"):
  
actionpack (5.2.1) lib/action_dispatch/middleware/debug_exceptions.rb:65:in `call'
web-console (3.7.0) lib/web_console/middleware.rb:135:in `call_app'
web-console (3.7.0) lib/web_console/middleware.rb:30:in `block in call'
web-console (3.7.0) lib/web_console/middleware.rb:20:in `catch'
web-console (3.7.0) lib/web_console/middleware.rb:20:in `call'
actionpack (5.2.1) lib/action_dispatch/middleware/show_exceptions.rb:33:in `call'
railties (5.2.1) lib/rails/rack/logger.rb:38:in `call_app'
railties (5.2.1) lib/rails/rack/logger.rb:26:in `block in call'
activesupport (5.2.1) lib/active_support/tagged_logging.rb:71:in `block in tagged'
activesupport (5.2.1) lib/active_support/tagged_logging.rb:28:in `tagged'
activesupport (5.2.1) lib/active_support/tagged_logging.rb:71:in `tagged'
railties (5.2.1) lib/rails/rack/logger.rb:26:in `call'
sprockets-rails (3.2.1) lib/sprockets/rails/quiet_assets.rb:13:in `call'
actionpack (5.2.1) lib/action_dispatch/middleware/remote_ip.rb:81:in `call'
actionpack (5.2.1) lib/action_dispatch/middleware/request_id.rb:27:in `call'
rack (2.0.5) lib/rack/method_override.rb:22:in `call'
rack (2.0.5) lib/rack/runtime.rb:22:in `call'
activesupport (5.2.1) lib/active_support/cache/strategy/local_cache_middleware.rb:29:in `call'
actionpack (5.2.1) lib/action_dispatch/middleware/executor.rb:14:in `call'
actionpack (5.2.1) lib/action_dispatch/middleware/static.rb:127:in `call'
rack (2.0.5) lib/rack/sendfile.rb:111:in `call'
railties (5.2.1) lib/rails/engine.rb:524:in `call'
puma (3.12.0) lib/puma/configuration.rb:225:in `call'
puma (3.12.0) lib/puma/server.rb:658:in `handle_request'
puma (3.12.0) lib/puma/server.rb:472:in `process_client'
puma (3.12.0) lib/puma/server.rb:332:in `block in run'
puma (3.12.0) lib/puma/thread_pool.rb:133:in `block in spawn_thread'
Started GET "/session/new" for 127.0.0.1 at 2018-09-18 14:33:57 -0700
Processing by SessionsController#new as HTML
  Rendering sessions/new.html.erb within layouts/application
  Rendered sessions/new.html.erb within layouts/application (1.7ms)
  [1m[36mUser Load (0.5ms)[0m  [1m[34mSELECT  "users".* FROM "users" WHERE "users"."session_token" = $1 LIMIT $2[0m  [["session_token", "e10qnSjk5BD-M_GNbo36pQ"], ["LIMIT", 1]]
  ↳ app/controllers/application_controller.rb:15
Completed 200 OK in 138ms (Views: 136.6ms | ActiveRecord: 0.5ms)


Started DELETE "/session" for 127.0.0.1 at 2018-09-18 14:34:00 -0700
Processing by SessionsController#destroy as HTML
  Parameters: {"authenticity_token"=>"zljf04poVQf1DI4fSSzFvIZgx3moCCSJWJbLj+Uil3CvvLadMntl+FZ4q2KNjZ2mQ146HmzKOZ31smUBMr3aWQ=="}
  [1m[36mUser Load (0.8ms)[0m  [1m[34mSELECT  "users".* FROM "users" WHERE "users"."session_token" = $1 LIMIT $2[0m  [["session_token", "e10qnSjk5BD-M_GNbo36pQ"], ["LIMIT", 1]]
  ↳ app/controllers/application_controller.rb:15
  [1m[35m (0.4ms)[0m  [1m[35mBEGIN[0m
  ↳ app/models/user.rb:42
  [1m[36mUser Update (1.3ms)[0m  [1m[33mUPDATE "users" SET "session_token" = $1, "updated_at" = $2 WHERE "users"."id" = $3[0m  [["session_token", "57EttFtf3aBvn3ZrKH317w"], ["updated_at", "2018-09-18 21:34:00.920917"], ["id", 1]]
  ↳ app/models/user.rb:42
  [1m[35m (0.8ms)[0m  [1m[35mCOMMIT[0m
  ↳ app/models/user.rb:42
Redirected to http://localhost:3000/session/new
Completed 302 Found in 11ms (ActiveRecord: 3.3ms)


Started GET "/session/new" for 127.0.0.1 at 2018-09-18 14:34:00 -0700
Processing by SessionsController#new as HTML
  Rendering sessions/new.html.erb within layouts/application
  Rendered sessions/new.html.erb within layouts/application (0.7ms)
Completed 200 OK in 47ms (Views: 45.7ms | ActiveRecord: 0.0ms)


Started GET "/subreddit/new" for 127.0.0.1 at 2018-09-18 14:34:16 -0700
  
ActionController::RoutingError (No route matches [GET] "/subreddit/new"):
  
actionpack (5.2.1) lib/action_dispatch/middleware/debug_exceptions.rb:65:in `call'
web-console (3.7.0) lib/web_console/middleware.rb:135:in `call_app'
web-console (3.7.0) lib/web_console/middleware.rb:30:in `block in call'
web-console (3.7.0) lib/web_console/middleware.rb:20:in `catch'
web-console (3.7.0) lib/web_console/middleware.rb:20:in `call'
actionpack (5.2.1) lib/action_dispatch/middleware/show_exceptions.rb:33:in `call'
railties (5.2.1) lib/rails/rack/logger.rb:38:in `call_app'
railties (5.2.1) lib/rails/rack/logger.rb:26:in `block in call'
activesupport (5.2.1) lib/active_support/tagged_logging.rb:71:in `block in tagged'
activesupport (5.2.1) lib/active_support/tagged_logging.rb:28:in `tagged'
activesupport (5.2.1) lib/active_support/tagged_logging.rb:71:in `tagged'
railties (5.2.1) lib/rails/rack/logger.rb:26:in `call'
sprockets-rails (3.2.1) lib/sprockets/rails/quiet_assets.rb:13:in `call'
actionpack (5.2.1) lib/action_dispatch/middleware/remote_ip.rb:81:in `call'
actionpack (5.2.1) lib/action_dispatch/middleware/request_id.rb:27:in `call'
rack (2.0.5) lib/rack/method_override.rb:22:in `call'
rack (2.0.5) lib/rack/runtime.rb:22:in `call'
activesupport (5.2.1) lib/active_support/cache/strategy/local_cache_middleware.rb:29:in `call'
actionpack (5.2.1) lib/action_dispatch/middleware/executor.rb:14:in `call'
actionpack (5.2.1) lib/action_dispatch/middleware/static.rb:127:in `call'
rack (2.0.5) lib/rack/sendfile.rb:111:in `call'
railties (5.2.1) lib/rails/engine.rb:524:in `call'
puma (3.12.0) lib/puma/configuration.rb:225:in `call'
puma (3.12.0) lib/puma/server.rb:658:in `handle_request'
puma (3.12.0) lib/puma/server.rb:472:in `process_client'
puma (3.12.0) lib/puma/server.rb:332:in `block in run'
puma (3.12.0) lib/puma/thread_pool.rb:133:in `block in spawn_thread'
Started GET "/subreddits/new" for 127.0.0.1 at 2018-09-18 14:34:20 -0700
Processing by SubredditsController#new as HTML
Redirected to http://localhost:3000/session/new
Filter chain halted as :require_signed_in! rendered or redirected
Completed 302 Found in 2ms (ActiveRecord: 0.0ms)


Started GET "/session/new" for 127.0.0.1 at 2018-09-18 14:34:20 -0700
Processing by SessionsController#new as HTML
  Rendering sessions/new.html.erb within layouts/application
  Rendered sessions/new.html.erb within layouts/application (0.7ms)
Completed 200 OK in 45ms (Views: 44.5ms | ActiveRecord: 0.0ms)


Started POST "/session" for 127.0.0.1 at 2018-09-18 14:34:29 -0700
Processing by SessionsController#create as HTML
  Parameters: {"authenticity_token"=>"UaOTsjm9p7kn3smfuNdfWOIyXGD8NMD11xKFJ6PAYcQwR/r8ga6XRoSq7OJ8dgdCJwyhBzj23eF6NiupdF8s7Q==", "user"=>{"username"=>"user", "password"=>"[FILTERED]"}}
  [1m[36mUser Load (0.8ms)[0m  [1m[34mSELECT  "users".* FROM "users" WHERE "users"."username" = $1 LIMIT $2[0m  [["username", "user"], ["LIMIT", 1]]
  ↳ app/models/user.rb:51
Completed 500 Internal Server Error in 170ms (ActiveRecord: 0.8ms)


  
NoMethodError (undefined method `login' for #<SessionsController:0x00007fc315adb058>):
  
app/controllers/sessions_controller.rb:13:in `create'
Started POST "/session" for 127.0.0.1 at 2018-09-18 14:35:23 -0700
Processing by SessionsController#create as HTML
  Parameters: {"authenticity_token"=>"UaOTsjm9p7kn3smfuNdfWOIyXGD8NMD11xKFJ6PAYcQwR/r8ga6XRoSq7OJ8dgdCJwyhBzj23eF6NiupdF8s7Q==", "user"=>{"username"=>"user", "password"=>"[FILTERED]"}}
  [1m[36mUser Load (0.5ms)[0m  [1m[34mSELECT  "users".* FROM "users" WHERE "users"."username" = $1 LIMIT $2[0m  [["username", "user"], ["LIMIT", 1]]
  ↳ app/models/user.rb:51
  [1m[35m (0.3ms)[0m  [1m[35mBEGIN[0m
  ↳ app/models/user.rb:42
  [1m[36mUser Update (0.6ms)[0m  [1m[33mUPDATE "users" SET "session_token" = $1, "updated_at" = $2 WHERE "users"."id" = $3[0m  [["session_token", "g-irOLI2MiXk1WaPoX13hw"], ["updated_at", "2018-09-18 21:35:23.988681"], ["id", 1]]
  ↳ app/models/user.rb:42
  [1m[35m (1.3ms)[0m  [1m[35mCOMMIT[0m
  ↳ app/models/user.rb:42
Redirected to http://localhost:3000/subreddits
Completed 302 Found in 167ms (ActiveRecord: 12.2ms)


Started GET "/subreddits" for 127.0.0.1 at 2018-09-18 14:35:24 -0700
Processing by SubredditsController#index as HTML
  Rendering subreddits/index.html.erb within layouts/application
  Rendered subreddits/index.html.erb within layouts/application (0.6ms)
  [1m[36mUser Load (1.5ms)[0m  [1m[34mSELECT  "users".* FROM "users" WHERE "users"."session_token" = $1 LIMIT $2[0m  [["session_token", "g-irOLI2MiXk1WaPoX13hw"], ["LIMIT", 1]]
  ↳ app/controllers/application_controller.rb:15
Completed 200 OK in 271ms (Views: 226.0ms | ActiveRecord: 1.5ms)


Started GET "/subreddits/new" for 127.0.0.1 at 2018-09-18 14:35:30 -0700
Processing by SubredditsController#new as HTML
  [1m[36mUser Load (0.4ms)[0m  [1m[34mSELECT  "users".* FROM "users" WHERE "users"."session_token" = $1 LIMIT $2[0m  [["session_token", "g-irOLI2MiXk1WaPoX13hw"], ["LIMIT", 1]]
  ↳ app/controllers/application_controller.rb:15
  Rendering subreddits/new.html.erb within layouts/application
  Rendered subreddits/new.html.erb within layouts/application (2.1ms)
Completed 200 OK in 68ms (Views: 47.7ms | ActiveRecord: 7.4ms)


Started POST "/subreddits" for 127.0.0.1 at 2018-09-18 14:35:43 -0700
Processing by SubredditsController#create as HTML
  Parameters: {"utf8"=>"✓", "authenticity_token"=>"ApJnGVPa1t80RlU15ItbFfVvIIFjHS0SA4jWTbPs5RBjdg5X68nmIJcycEggKgMPMFHd5qffMAaurHjDZHOoOQ==", "subreddit"=>{"title"=>"Favorite Subreddit", "description"=>"This is my favorite project\r\n"}, "commit"=>"Create Subreddit"}
  [1m[36mUser Load (2.3ms)[0m  [1m[34mSELECT  "users".* FROM "users" WHERE "users"."session_token" = $1 LIMIT $2[0m  [["session_token", "g-irOLI2MiXk1WaPoX13hw"], ["LIMIT", 1]]
  ↳ app/controllers/application_controller.rb:15
  [1m[35m (0.6ms)[0m  [1m[35mBEGIN[0m
  ↳ app/controllers/subreddits_controller.rb:15
  [1m[36mUser Load (0.4ms)[0m  [1m[34mSELECT  "users".* FROM "users" WHERE "users"."id" = $1 LIMIT $2[0m  [["id", 1], ["LIMIT", 1]]
  ↳ app/controllers/subreddits_controller.rb:15
  [1m[36mSubreddit Create (37.0ms)[0m  [1m[32mINSERT INTO "subreddits" ("title", "description", "user_id", "created_at", "updated_at") VALUES ($1, $2, $3, $4, $5) RETURNING "id"[0m  [["title", "Favorite Subreddit"], ["description", "This is my favorite project\r\n"], ["user_id", 1], ["created_at", "2018-09-18 21:35:43.426283"], ["updated_at", "2018-09-18 21:35:43.426283"]]
  ↳ app/controllers/subreddits_controller.rb:15
  [1m[35m (10.0ms)[0m  [1m[35mCOMMIT[0m
  ↳ app/controllers/subreddits_controller.rb:15
Redirected to http://localhost:3000/subreddits/1
Completed 302 Found in 123ms (ActiveRecord: 50.4ms)


Started GET "/subreddits/1" for 127.0.0.1 at 2018-09-18 14:35:43 -0700
Processing by SubredditsController#show as HTML
  Parameters: {"id"=>"1"}
  [1m[36mUser Load (0.4ms)[0m  [1m[34mSELECT  "users".* FROM "users" WHERE "users"."session_token" = $1 LIMIT $2[0m  [["session_token", "g-irOLI2MiXk1WaPoX13hw"], ["LIMIT", 1]]
  ↳ app/controllers/application_controller.rb:15
  [1m[36mSubreddit Load (0.5ms)[0m  [1m[34mSELECT  "subreddits".* FROM "subreddits" WHERE "subreddits"."id" = $1 LIMIT $2[0m  [["id", 1], ["LIMIT", 1]]
  ↳ app/controllers/subreddits_controller.rb:23
  Rendering subreddits/show.html.erb within layouts/application
  Rendered subreddits/show.html.erb within layouts/application (0.5ms)
Completed 200 OK in 100ms (Views: 39.8ms | ActiveRecord: 0.9ms)


Started GET "/subreddits" for 127.0.0.1 at 2018-09-18 14:42:44 -0700
  [1m[35m (20.2ms)[0m  [1m[34mSELECT "schema_migrations"."version" FROM "schema_migrations" ORDER BY "schema_migrations"."version" ASC[0m
  ↳ /usr/local/var/rbenv/versions/2.5.0/lib/ruby/gems/2.5.0/gems/activerecord-5.2.1/lib/active_record/log_subscriber.rb:98
Processing by SubredditsController#index as HTML
  Rendering subreddits/index.html.erb within layouts/application
  [1m[36mSubreddit Load (1.1ms)[0m  [1m[34mSELECT "subreddits".* FROM "subreddits"[0m
  ↳ app/views/subreddits/index.html.erb:5
  [1m[36mUser Load (0.9ms)[0m  [1m[34mSELECT  "users".* FROM "users" WHERE "users"."id" = $1 LIMIT $2[0m  [["id", 1], ["LIMIT", 1]]
  ↳ app/views/subreddits/index.html.erb:10
  Rendered subreddits/index.html.erb within layouts/application (452.0ms)
Completed 500 Internal Server Error in 527ms (ActiveRecord: 15.3ms)


  
ActionView::Template::Error (undefined local variable or method `user' for #<#<Class:0x00007fd5ae8a4568>:0x00007fd5b10aaeb8>):
     7:     <ul>
     8:       <li>
     9:       <li> <%= link_to "#{subreddit.title}", subreddit_path(subreddit) %></li>
    10:       <li><%= link_to "#{subreddit.user}", user_path(user) %></li>
    11:       <li><%= subreddit.description %> </li>
    12:     </ul>
    13:   </li>
  
app/views/subreddits/index.html.erb:10:in `block in _app_views_subreddits_index_html_erb__3490593955432945780_70277866531840'
app/views/subreddits/index.html.erb:5:in `_app_views_subreddits_index_html_erb__3490593955432945780_70277866531840'
  [1m[36mSubreddit Load (0.6ms)[0m  [1m[34mSELECT  "subreddits".* FROM "subreddits" LIMIT $1[0m  [["LIMIT", 11]]
  [1m[36mSubreddit Load (0.7ms)[0m  [1m[34mSELECT  "subreddits".* FROM "subreddits" ORDER BY "subreddits"."id" ASC LIMIT $1[0m  [["LIMIT", 1]]
  [1m[36mUser Load (0.8ms)[0m  [1m[34mSELECT  "users".* FROM "users" WHERE "users"."id" = $1 LIMIT $2[0m  [["id", 1], ["LIMIT", 1]]
Started GET "/subreddits/" for 127.0.0.1 at 2018-09-18 14:46:34 -0700
Processing by SubredditsController#index as HTML
  Rendering subreddits/index.html.erb within layouts/application
  [1m[36mSubreddit Load (1.2ms)[0m  [1m[34mSELECT "subreddits".* FROM "subreddits"[0m
  ↳ app/views/subreddits/index.html.erb:5
  [1m[36mUser Load (0.6ms)[0m  [1m[34mSELECT  "users".* FROM "users" WHERE "users"."id" = $1 LIMIT $2[0m  [["id", 1], ["LIMIT", 1]]
  ↳ app/views/subreddits/index.html.erb:10
  Rendered subreddits/index.html.erb within layouts/application (394.4ms)
Completed 500 Internal Server Error in 422ms (ActiveRecord: 17.9ms)


  
ActionView::Template::Error (undefined local variable or method `user' for #<#<Class:0x00007fd5adfcdae8>:0x00007fd5adfc2c60>):
     7:     <ul>
     8:       <li>
     9:       <li> <%= link_to "#{subreddit.title}", subreddit_path(subreddit) %></li>
    10:       <li><%= link_to "#{subreddit.user.username}", user_path(user) %></li>
    11:       <li><%= subreddit.description %> </li>
    12:     </ul>
    13:   </li>
  
app/views/subreddits/index.html.erb:10:in `block in _app_views_subreddits_index_html_erb__3490593955432945780_70277861898440'
app/views/subreddits/index.html.erb:5:in `_app_views_subreddits_index_html_erb__3490593955432945780_70277861898440'
Started GET "/subreddits" for 127.0.0.1 at 2018-09-18 14:48:11 -0700
Processing by SubredditsController#index as HTML
  Rendering subreddits/index.html.erb within layouts/application
  [1m[36mSubreddit Load (0.9ms)[0m  [1m[34mSELECT "subreddits".* FROM "subreddits"[0m
  ↳ app/views/subreddits/index.html.erb:5
  [1m[36mUser Load (0.4ms)[0m  [1m[34mSELECT  "users".* FROM "users" WHERE "users"."id" = $1 LIMIT $2[0m  [["id", 1], ["LIMIT", 1]]
  ↳ app/views/subreddits/index.html.erb:10
  Rendered subreddits/index.html.erb within layouts/application (54.4ms)
  [1m[36mUser Load (1.9ms)[0m  [1m[34mSELECT  "users".* FROM "users" WHERE "users"."session_token" = $1 LIMIT $2[0m  [["session_token", "g-irOLI2MiXk1WaPoX13hw"], ["LIMIT", 1]]
  ↳ app/controllers/application_controller.rb:15
Completed 200 OK in 728ms (Views: 689.7ms | ActiveRecord: 16.5ms)


Started GET "/users/1" for 127.0.0.1 at 2018-09-18 14:48:18 -0700
Processing by UsersController#show as HTML
  Parameters: {"id"=>"1"}
  Rendering users/show.html.erb within layouts/application
  Rendered users/show.html.erb within layouts/application (0.7ms)
  [1m[36mUser Load (1.4ms)[0m  [1m[34mSELECT  "users".* FROM "users" WHERE "users"."session_token" = $1 LIMIT $2[0m  [["session_token", "g-irOLI2MiXk1WaPoX13hw"], ["LIMIT", 1]]
  ↳ app/controllers/application_controller.rb:15
Completed 200 OK in 220ms (Views: 192.5ms | ActiveRecord: 1.4ms)


Started GET "/subreddits/1" for 127.0.0.1 at 2018-09-18 14:48:27 -0700
Processing by SubredditsController#show as HTML
  Parameters: {"id"=>"1"}
  [1m[36mUser Load (6.0ms)[0m  [1m[34mSELECT  "users".* FROM "users" WHERE "users"."session_token" = $1 LIMIT $2[0m  [["session_token", "g-irOLI2MiXk1WaPoX13hw"], ["LIMIT", 1]]
  ↳ app/controllers/application_controller.rb:15
  [1m[36mSubreddit Load (1.0ms)[0m  [1m[34mSELECT  "subreddits".* FROM "subreddits" WHERE "subreddits"."id" = $1 LIMIT $2[0m  [["id", 1], ["LIMIT", 1]]
  ↳ app/controllers/subreddits_controller.rb:23
  Rendering subreddits/show.html.erb within layouts/application
  Rendered subreddits/show.html.erb within layouts/application (0.7ms)
Completed 200 OK in 237ms (Views: 209.6ms | ActiveRecord: 7.0ms)


  [1m[35m (0.3ms)[0m  [1m[34mSELECT pg_try_advisory_lock(771567162199300005)[0m
  ↳ bin/rails:9
  [1m[35m (22.0ms)[0m  [1m[34mSELECT "schema_migrations"."version" FROM "schema_migrations" ORDER BY "schema_migrations"."version" ASC[0m
  ↳ bin/rails:9
Migrating to AddColumnCommentToComments (20180918215232)
  [1m[35m (0.3ms)[0m  [1m[35mBEGIN[0m
  ↳ bin/rails:9
  [1m[35m (39.6ms)[0m  [1m[35mALTER TABLE "comments" ADD "content" character varying NOT NULL[0m
  ↳ db/migrate/20180918215232_add_column_comment_to_comments.rb:3
  [1m[36mActiveRecord::SchemaMigration Create (0.8ms)[0m  [1m[32mINSERT INTO "schema_migrations" ("version") VALUES ($1) RETURNING "version"[0m  [["version", "20180918215232"]]
  ↳ bin/rails:9
  [1m[35m (10.8ms)[0m  [1m[35mCOMMIT[0m
  ↳ bin/rails:9
  [1m[36mActiveRecord::InternalMetadata Load (0.7ms)[0m  [1m[34mSELECT  "ar_internal_metadata".* FROM "ar_internal_metadata" WHERE "ar_internal_metadata"."key" = $1 LIMIT $2[0m  [["key", "environment"], ["LIMIT", 1]]
  ↳ bin/rails:9
  [1m[35m (0.4ms)[0m  [1m[35mBEGIN[0m
  ↳ bin/rails:9
  [1m[35m (0.2ms)[0m  [1m[35mCOMMIT[0m
  ↳ bin/rails:9
  [1m[35m (0.5ms)[0m  [1m[34mSELECT pg_advisory_unlock(771567162199300005)[0m
  ↳ bin/rails:9
  [1m[35m (0.6ms)[0m  [1m[34mSELECT "schema_migrations"."version" FROM "schema_migrations" ORDER BY "schema_migrations"."version" ASC[0m
  ↳ bin/rails:9
  [1m[35m (3.4ms)[0m  [1m[34mSELECT "schema_migrations"."version" FROM "schema_migrations" ORDER BY "schema_migrations"."version" ASC[0m
  ↳ /usr/local/var/rbenv/versions/2.5.0/bin/annotate:23
